生成启动时间为 2017/4/23 20:34:44。
     1>项目“E:\毕设\GraduationDesign\毕设\Win32Project1\Win32Project1\Win32Project1.vcxproj”在节点 2 上(Rebuild 个目标)。
     1>ClCompile:
         D:\vc2013\VC\bin\CL.exe /c /ZI /nologo /W3 /WX- /sdl /Od /Oy- /D WIN32 /D _DEBUG /D _WINDOWS /D _UNICODE /D UNICODE /Gm /EHsc /RTC1 /MDd /GS /fp:precise /Zc:wchar_t /Zc:forScope /Yc"stdafx.h" /Fp"Debug\Win32Project1.pch" /Fo"Debug\\" /Fd"Debug\vc120.pdb" /Gd /TP /analyze- /errorReport:prompt stdafx.cpp
         stdafx.cpp
         D:\vc2013\VC\bin\CL.exe /c /ZI /nologo /W3 /WX- /sdl /Od /Oy- /D WIN32 /D _DEBUG /D _WINDOWS /D _UNICODE /D UNICODE /Gm /EHsc /RTC1 /MDd /GS /fp:precise /Zc:wchar_t /Zc:forScope /Yu"stdafx.h" /Fp"Debug\Win32Project1.pch" /Fo"Debug\\" /Fd"Debug\vc120.pdb" /Gd /TP /analyze- /errorReport:prompt GWaveIn.cpp GWaveOut.cpp Win32Project1.cpp
         Win32Project1.cpp
         GWaveOut.cpp
         GWaveIn.cpp
         正在生成代码...
         D:\vc2013\VC\bin\CL.exe /c /ZI /nologo /W3 /WX- /sdl /Od /Oy- /D WIN32 /D _DEBUG /D _WINDOWS /D _UNICODE /D UNICODE /Gm /EHsc /RTC1 /MDd /GS /fp:precise /Zc:wchar_t /Zc:forScope /Fo"Debug\\" /Fd"Debug\vc120.pdb" /Gd /TP /analyze- /errorReport:prompt SocketClient.cpp
         SocketClient.cpp
       ResourceCompile:
         C:\Program Files (x86)\Windows Kits\8.1\bin\x86\rc.exe /D _UNICODE /D UNICODE /l"0x0409" /nologo /fo"Debug\Win32Project1.res" Win32Project1.rc 
       Link:
         D:\vc2013\VC\bin\link.exe /ERRORREPORT:PROMPT /OUT:"E:\毕设\GraduationDesign\毕设\Win32Project1\Debug\Win32Project1.exe" /INCREMENTAL /NOLOGO kernel32.lib user32.lib gdi32.lib winspool.lib comdlg32.lib advapi32.lib shell32.lib ole32.lib oleaut32.lib uuid.lib odbc32.lib odbccp32.lib /MANIFEST /MANIFESTUAC:"level='asInvoker' uiAccess='false'" /manifest:embed /DEBUG /PDB:"E:\毕设\GraduationDesign\毕设\Win32Project1\Debug\Win32Project1.pdb" /SUBSYSTEM:WINDOWS /TLBID:1 /DYNAMICBASE /NXCOMPAT /IMPLIB:"E:\毕设\GraduationDesign\毕设\Win32Project1\Debug\Win32Project1.lib" /MACHINE:X86 Debug\Win32Project1.res
         Debug\GWaveIn.obj
         Debug\GWaveOut.obj
         Debug\SocketClient.obj
         Debug\stdafx.obj
         Debug\Win32Project1.obj
         Win32Project1.vcxproj -> E:\毕设\GraduationDesign\毕设\Win32Project1\Debug\Win32Project1.exe
     1>已完成生成项目“E:\毕设\GraduationDesign\毕设\Win32Project1\Win32Project1\Win32Project1.vcxproj”(Rebuild 个目标)的操作。

生成成功。

已用时间 00:00:05.71
