c:\users\administrator\desktop\毕设\win32project1\win32project1\debug\win32project1.pch
c:\users\administrator\desktop\毕设\win32project1\win32project1\debug\vc120.pdb
c:\users\administrator\desktop\毕设\win32project1\win32project1\debug\vc120.idb
c:\users\administrator\desktop\毕设\win32project1\win32project1\debug\stdafx.obj
c:\users\administrator\desktop\毕设\win32project1\win32project1\debug\gwavein.obj
c:\users\administrator\desktop\毕设\win32project1\win32project1\debug\gwaveout.obj
c:\users\administrator\desktop\毕设\win32project1\win32project1\debug\win32project1.obj
e:\毕设\graduationdesign\毕设\win32project1\win32project1\debug\win32project1.pch
e:\毕设\graduationdesign\毕设\win32project1\win32project1\debug\vc120.pdb
e:\毕设\graduationdesign\毕设\win32project1\win32project1\debug\vc120.idb
e:\毕设\graduationdesign\毕设\win32project1\win32project1\debug\stdafx.obj
e:\毕设\graduationdesign\毕设\win32project1\win32project1\debug\gwavein.obj
e:\毕设\graduationdesign\毕设\win32project1\win32project1\debug\gwaveout.obj
e:\毕设\graduationdesign\毕设\win32project1\win32project1\debug\socketcontrol.obj
e:\毕设\graduationdesign\毕设\win32project1\win32project1\debug\win32project1.obj
c:\users\administrator\desktop\毕设\win32project1\debug\win32project1.ilk
c:\users\administrator\desktop\毕设\win32project1\debug\win32project1.exe
c:\users\administrator\desktop\毕设\win32project1\debug\win32project1.pdb
e:\毕设\graduationdesign\毕设\win32project1\debug\win32project1.ilk
e:\毕设\graduationdesign\毕设\win32project1\debug\win32project1.exe
e:\毕设\graduationdesign\毕设\win32project1\debug\win32project1.pdb
c:\users\administrator\desktop\毕设\win32project1\win32project1\debug\win32project1.res
e:\毕设\graduationdesign\毕设\win32project1\win32project1\debug\win32project1.res
e:\毕设\graduationdesign\毕设\win32project1\win32project1\debug\win32project1.tlog\cl.command.1.tlog
e:\毕设\graduationdesign\毕设\win32project1\win32project1\debug\win32project1.tlog\cl.read.1.tlog
e:\毕设\graduationdesign\毕设\win32project1\win32project1\debug\win32project1.tlog\cl.write.1.tlog
e:\毕设\graduationdesign\毕设\win32project1\win32project1\debug\win32project1.tlog\link.command.1.tlog
e:\毕设\graduationdesign\毕设\win32project1\win32project1\debug\win32project1.tlog\link.read.1.tlog
e:\毕设\graduationdesign\毕设\win32project1\win32project1\debug\win32project1.tlog\link.write.1.tlog
e:\毕设\graduationdesign\毕设\win32project1\win32project1\debug\win32project1.tlog\rc.command.1.tlog
e:\毕设\graduationdesign\毕设\win32project1\win32project1\debug\win32project1.tlog\rc.read.1.tlog
e:\毕设\graduationdesign\毕设\win32project1\win32project1\debug\win32project1.tlog\rc.write.1.tlog
